0 info it worked if it ends with ok
1 verbose cli [ 'C:\\Users\\Admin\\AppData\\Roaming\\Sublime Text 3\\Packages\\JavaScript Completions\\node_binaries\\windows-64bit\\node.exe',
1 verbose cli   'C:\\Users\\Admin\\AppData\\Roaming\\Sublime Text 3\\Packages\\JavaScript Completions\\node_binaries\\windows-64bit\\node_modules\\npm\\bin\\npm-cli.js',
1 verbose cli   'prefix',
1 verbose cli   '-g' ]
2 info using npm@4.1.2
3 info using node@v7.7.0
4 verbose stack SyntaxError: Error parsing C:\Users\Admin\AppData\Roaming\Sublime Text 3\Packages\JavaScript Completions\node_binaries\windows-64bit\node_modules\npm\node_modules\request\node_modules\caseless\package.json: Unexpected token U in JSON at position 0
4 verbose stack     at JSON.parse (<anonymous>)
4 verbose stack     at readPackage (module.js:92:52)
4 verbose stack     at tryPackage (module.js:102:13)
4 verbose stack     at Function.Module._findPath (module.js:183:20)
4 verbose stack     at Function.Module._resolveFilename (module.js:468:25)
4 verbose stack     at Function.Module._load (module.js:418:25)
4 verbose stack     at Module.require (module.js:498:17)
4 verbose stack     at require (internal/module.js:20:19)
4 verbose stack     at Object.<anonymous> (C:\Users\Admin\AppData\Roaming\Sublime Text 3\Packages\JavaScript Completions\node_binaries\windows-64bit\node_modules\npm\node_modules\request\request.js:15:16)
4 verbose stack     at Module._compile (module.js:571:32)
5 verbose cwd C:\xampp\htdocs\F3Cineplex\js
6 error Windows_NT 10.0.18362
7 error argv "C:\\Users\\Admin\\AppData\\Roaming\\Sublime Text 3\\Packages\\JavaScript Completions\\node_binaries\\windows-64bit\\node.exe" "C:\\Users\\Admin\\AppData\\Roaming\\Sublime Text 3\\Packages\\JavaScript Completions\\node_binaries\\windows-64bit\\node_modules\\npm\\bin\\npm-cli.js" "prefix" "-g"
8 error node v7.7.0
9 error npm  v4.1.2
10 error path C:\Users\Admin\AppData\Roaming\Sublime Text 3\Packages\JavaScript Completions\node_binaries\windows-64bit\node_modules\npm\node_modules\request\node_modules\caseless\package.json
11 error Error parsing C:\Users\Admin\AppData\Roaming\Sublime Text 3\Packages\JavaScript Completions\node_binaries\windows-64bit\node_modules\npm\node_modules\request\node_modules\caseless\package.json: Unexpected token U in JSON at position 0
12 error If you need help, you may report this error at:
12 error     <https://github.com/npm/npm/issues>
13 verbose exit [ 1, true ]
